JWasm v2.11, Oct 20 2013
c:\Users\AR\Desktop\Abdul Rehman\github-with-assembly-Professionaldeveloper78\sum-odd.temp.asm
                                INCLUDE c:\Users\AR\.vscode\extensions\istareatscreens.masm-runner-0.4.5\native\irvine\Irvine32.inc
                              C ; Include file for Irvine32.lib             (Irvine32.inc)
                              C 
                              C ;OPTION CASEMAP:NONE		; optional: make identifiers case-sensitive
                              C 
                              C INCLUDE SmallWin.inc		; MS-Windows prototypes, structures, and constants
                              C .LIST
                              C INCLUDE VirtualKeys.inc
                              C ; VirtualKeys.inc
                              C .LIST
                              C 
                              C .LIST

                                .data
00000000  0300080005000C000A    myArray word 3,8,5,12,10              ; Array of signed integers
0000000A  53756D206F66204F64    msgSum byte "Sum of Odd values: ",0        ; Message for sum output
0000001E  546F74616C204F6464    msgCount byte "Total Odd Numbers: ",0      ; Message for count output
00000032  00000000              sum dword 0                                ; Variable to store the sum of odd numbers
00000036  00000000              count dword 0                              ; Variable to store the count of odd numbers

00000000                        .code
00000000                        main proc
                                    ; Initialize accumulator (EAX) to zero
00000000  B800000000                mov eax, 0

                                    ; Load the address of the array into ESI
00000005  BE00000000                mov esi, offset myArray

                                    ; Set loop counter (ECX) to the length of the array
0000000A  B905000000                mov ecx, lengthof myArray

                                    ; Start looping through the array elements
0000000F                        OddNumbers:
                                    ; Load the current element of the array into AX (word size)
0000000F  668B06                    mov ax, word ptr [esi]

                                    ; Check if the number is even by testing the least significant bit (LSB)
00000012  66A90100                  test ax, 1
                                    ; If the number is even, skip to the next element
00000016  7410                      jz skipOdd

                                    ; If the number is odd, extend it to 32-bit (EAX)
00000018  0FBF06                    movsx eax, word ptr [esi]

                                    ; Add the odd number to the sum
0000001B  010500000000              add sum, eax

                                    ; Increment the count of odd numbers
00000021  83050000000001            add count, 1

00000028                        skipOdd:
                                    ; Move to the next element in the array (size of each element is 'type myArray')
00000028  83C602                    add esi, type myArray

                                    ; Continue the loop until all elements are processed
0000002B  E2E2                      loop OddNumbers

                                    ; Display the sum of odd numbers
0000002D  BA00000000                mov edx, offset msgSum
00000032  E800000000                call writestring          ; Print the message
00000037  E800000000                call crlf                 ; New line
0000003C  A100000000                mov eax, sum              ; Load the sum into EAX for printing
00000041  E800000000                call writeint             ; Print the sum
00000046  E800000000                call crlf                 ; New line

                                    ; Display the total count of odd numbers
0000004B  BA00000000                mov edx, offset msgCount
00000050  E800000000                call writestring          ; Print the message
00000055  E800000000                call crlf                 ; New line
0000005A  A100000000                mov eax, count            ; Load the count into EAX for printing
0000005F  E800000000                call writeint             ; Print the count

                                    ; Exit the program
00000064                            INVOKE ExitProcess,0
0000006B                        main endp
                                end main


Macros:

                N a m e                 Type

@CatStr  . . . . . . . . . . . .        Func
@Environ . . . . . . . . . . . .        Func
@InStr . . . . . . . . . . . . .        Func
@SizeStr . . . . . . . . . . . .        Func
@SubStr  . . . . . . . . . . . .        Func


Structures and Unions:

                N a m e                 Size/Ofs   Type

CONSOLE_CURSOR_INFO  . . . . . .               8
  dwSize . . . . . . . . . . . .               0   DWord
  bVisible . . . . . . . . . . .               4   DWord
CONSOLE_SCREEN_BUFFER_INFO . . .              16
  dwSize . . . . . . . . . . . .               0   COORD
  dwCursorPosition . . . . . . .               4   COORD
  wAttributes  . . . . . . . . .               8   Word
  srWindow . . . . . . . . . . .               A   SMALL_RECT
  dwMaximumWindowSize  . . . . .              12   COORD
COORD  . . . . . . . . . . . . .               4
  X  . . . . . . . . . . . . . .               0   Word
  Y  . . . . . . . . . . . . . .               2   Word
FILETIME . . . . . . . . . . . .               8
  loDateTime . . . . . . . . . .               0   DWord
  hiDateTime . . . . . . . . . .               4   DWord
FOCUS_EVENT_RECORD . . . . . . .               4
  bSetFocus  . . . . . . . . . .               0   DWord
FPU_ENVIRON  . . . . . . . . . .              1C
  controlWord  . . . . . . . . .               0   Word
  statusWord . . . . . . . . . .               4   Word
  tagWord  . . . . . . . . . . .               8   Word
  instrPointerOffset . . . . . .               C   DWord
  instrPointerSelector . . . . .              10   DWord
  operandPointerOffset . . . . .              14   DWord
  operandPointerSelector . . . .              18   Word
INPUT_RECORD . . . . . . . . . .              14
  EventType  . . . . . . . . . .               0   Word
  Event  . . . . . . . . . . . .               4
     . . . . . . . . . . . . . .               4   KEY_EVENT_RECORD
     . . . . . . . . . . . . . .               4   MOUSE_EVENT_RECORD
     . . . . . . . . . . . . . .               4   WINDOW_BUFFER_SIZE_RECORD
     . . . . . . . . . . . . . .               4   MENU_EVENT_RECORD
     . . . . . . . . . . . . . .               4   FOCUS_EVENT_RECORD
KEY_EVENT_RECORD . . . . . . . .              10
  bKeyDown . . . . . . . . . . .               0   DWord
  wRepeatCount . . . . . . . . .               4   Word
  wVirtualKeyCode  . . . . . . .               6   Word
  wVirtualScanCode . . . . . . .               8   Word
  uChar  . . . . . . . . . . . .               A
    UnicodeChar  . . . . . . . .               A   Word
    AsciiChar  . . . . . . . . .               A   Byte
  dwControlKeyState  . . . . . .               C   DWord
MENU_EVENT_RECORD  . . . . . . .               4
  dwCommandId  . . . . . . . . .               0   DWord
MOUSE_EVENT_RECORD . . . . . . .              10
  dwMousePosition  . . . . . . .               0   COORD
  dwButtonState  . . . . . . . .               4   DWord
  dwMouseControlKeyState . . . .               8   DWord
  dwEventFlags . . . . . . . . .               C   DWord
SMALL_RECT . . . . . . . . . . .               8
  Left . . . . . . . . . . . . .               0   Word
  Top  . . . . . . . . . . . . .               2   Word
  Right  . . . . . . . . . . . .               4   Word
  Bottom . . . . . . . . . . . .               6   Word
SYSTEMTIME . . . . . . . . . . .              10
  wYear  . . . . . . . . . . . .               0   Word
  wMonth . . . . . . . . . . . .               2   Word
  wDayOfWeek . . . . . . . . . .               4   Word
  wDay . . . . . . . . . . . . .               6   Word
  wHour  . . . . . . . . . . . .               8   Word
  wMinute  . . . . . . . . . . .               A   Word
  wSecond  . . . . . . . . . . .               C   Word
  wMilliseconds  . . . . . . . .               E   Word
WINDOW_BUFFER_SIZE_RECORD  . . .               4
  dwSize . . . . . . . . . . . .               0   COORD


Segments and Groups:

                N a m e                 Size     Length   Align   Combine Class

FLAT . . . . . . . . . . . . . .        GROUP
STACK  . . . . . . . . . . . . .        32 Bit   00001000 Para    Stack   'STACK'
_DATA  . . . . . . . . . . . . .        32 Bit   0000003A Para    Public  'DATA'
_TEXT  . . . . . . . . . . . . .        32 Bit   0000006B Para    Public  'CODE'


Procedures, parameters and locals:

                N a m e                 Type     Value    Segment  Length

CloseFile  . . . . . . . . . . .        P Near32 00000000 No Seg   00000000 *External STDCALL
CloseHandle  . . . . . . . . . .        P Near32 00000000 No Seg   00000000 *External STDCALL
Clrscr . . . . . . . . . . . . .        P Near32 00000000 No Seg   00000000 *External STDCALL
CreateFileA  . . . . . . . . . .        P Near32 00000000 No Seg   00000000 *External STDCALL
CreateOutputFile . . . . . . . .        P Near32 00000000 No Seg   00000000 *External STDCALL
Crlf . . . . . . . . . . . . . .        P Near32 00000000 No Seg   00000000 External  STDCALL
Delay  . . . . . . . . . . . . .        P Near32 00000000 No Seg   00000000 *External STDCALL
DumpMem  . . . . . . . . . . . .        P Near32 00000000 No Seg   00000000 *External STDCALL
DumpRegs . . . . . . . . . . . .        P Near32 00000000 No Seg   00000000 *External STDCALL
ExitProcess  . . . . . . . . . .        P Near32 00000000 No Seg   00000000 External  STDCALL
FileTimeToDosDateTime  . . . . .        P Near32 00000000 No Seg   00000000 *External STDCALL
FileTimeToSystemTime . . . . . .        P Near32 00000000 No Seg   00000000 *External STDCALL
FlushConsoleInputBuffer  . . . .        P Near32 00000000 No Seg   00000000 *External STDCALL
FormatMessageA . . . . . . . . .        P Near32 00000000 No Seg   00000000 *External STDCALL
GetCommandLineA  . . . . . . . .        P Near32 00000000 No Seg   00000000 *External STDCALL
GetCommandTail . . . . . . . . .        P Near32 00000000 No Seg   00000000 *External STDCALL
GetConsoleCP . . . . . . . . . .        P Near32 00000000 No Seg   00000000 *External STDCALL
GetConsoleCursorInfo . . . . . .        P Near32 00000000 No Seg   00000000 *External STDCALL
GetConsoleMode . . . . . . . . .        P Near32 00000000 No Seg   00000000 *External STDCALL
GetConsoleScreenBufferInfo . . .        P Near32 00000000 No Seg   00000000 *External STDCALL
GetDateTime  . . . . . . . . . .        P Near32 00000000 No Seg   00000000 *External STDCALL
GetFileTime  . . . . . . . . . .        P Near32 00000000 No Seg   00000000 *External STDCALL
GetKeyState  . . . . . . . . . .        P Near32 00000000 No Seg   00000000 *External STDCALL
GetLastError . . . . . . . . . .        P Near32 00000000 No Seg   00000000 *External STDCALL
GetLocalTime . . . . . . . . . .        P Near32 00000000 No Seg   00000000 *External STDCALL
GetMaxXY . . . . . . . . . . . .        P Near32 00000000 No Seg   00000000 *External STDCALL
GetMseconds  . . . . . . . . . .        P Near32 00000000 No Seg   00000000 *External STDCALL
GetNumberOfConsoleInputEvents  .        P Near32 00000000 No Seg   00000000 *External STDCALL
GetProcessHeap . . . . . . . . .        P Near32 00000000 No Seg   00000000 *External STDCALL
GetStdHandle . . . . . . . . . .        P Near32 00000000 No Seg   00000000 *External STDCALL
GetSystemTime  . . . . . . . . .        P Near32 00000000 No Seg   00000000 *External STDCALL
GetTextColor . . . . . . . . . .        P Near32 00000000 No Seg   00000000 *External STDCALL
GetTickCount . . . . . . . . . .        P Near32 00000000 No Seg   00000000 *External STDCALL
Gotoxy . . . . . . . . . . . . .        P Near32 00000000 No Seg   00000000 *External STDCALL
HeapAlloc  . . . . . . . . . . .        P Near32 00000000 No Seg   00000000 *External STDCALL
HeapCreate . . . . . . . . . . .        P Near32 00000000 No Seg   00000000 *External STDCALL
HeapDestroy  . . . . . . . . . .        P Near32 00000000 No Seg   00000000 *External STDCALL
HeapFree . . . . . . . . . . . .        P Near32 00000000 No Seg   00000000 *External STDCALL
HeapSize . . . . . . . . . . . .        P Near32 00000000 No Seg   00000000 *External STDCALL
IsDigit  . . . . . . . . . . . .        P Near32 00000000 No Seg   00000000 *External STDCALL
LocalFree  . . . . . . . . . . .        P Near32 00000000 No Seg   00000000 *External STDCALL
MessageBoxA  . . . . . . . . . .        P Near32 00000000 No Seg   00000000 *External STDCALL
MsgBox . . . . . . . . . . . . .        P Near32 00000000 No Seg   00000000 *External STDCALL
MsgBoxAsk  . . . . . . . . . . .        P Near32 00000000 No Seg   00000000 *External STDCALL
OpenInputFile  . . . . . . . . .        P Near32 00000000 No Seg   00000000 *External STDCALL
ParseDecimal32 . . . . . . . . .        P Near32 00000000 No Seg   00000000 *External STDCALL
ParseInteger32 . . . . . . . . .        P Near32 00000000 No Seg   00000000 *External STDCALL
PeekConsoleInputA  . . . . . . .        P Near32 00000000 No Seg   00000000 *External STDCALL
Random32 . . . . . . . . . . . .        P Near32 00000000 No Seg   00000000 *External STDCALL
RandomRange  . . . . . . . . . .        P Near32 00000000 No Seg   00000000 *External STDCALL
Randomize  . . . . . . . . . . .        P Near32 00000000 No Seg   00000000 *External STDCALL
ReadChar . . . . . . . . . . . .        P Near32 00000000 No Seg   00000000 *External STDCALL
ReadConsoleA . . . . . . . . . .        P Near32 00000000 No Seg   00000000 *External STDCALL
ReadConsoleInputA  . . . . . . .        P Near32 00000000 No Seg   00000000 *External STDCALL
ReadDec  . . . . . . . . . . . .        P Near32 00000000 No Seg   00000000 *External STDCALL
ReadFile . . . . . . . . . . . .        P Near32 00000000 No Seg   00000000 *External STDCALL
ReadFloat  . . . . . . . . . . .        P Near32 00000000 No Seg   00000000 *External STDCALL
ReadFromFile . . . . . . . . . .        P Near32 00000000 No Seg   00000000 *External STDCALL
ReadHex  . . . . . . . . . . . .        P Near32 00000000 No Seg   00000000 *External STDCALL
ReadInt  . . . . . . . . . . . .        P Near32 00000000 No Seg   00000000 *External STDCALL
ReadKey  . . . . . . . . . . . .        P Near32 00000000 No Seg   00000000 *External STDCALL
ReadKeyFlush . . . . . . . . . .        P Near32 00000000 No Seg   00000000 *External STDCALL
ReadString . . . . . . . . . . .        P Near32 00000000 No Seg   00000000 *External STDCALL
SetConsoleCursorInfo . . . . . .        P Near32 00000000 No Seg   00000000 *External STDCALL
SetConsoleCursorPosition . . . .        P Near32 00000000 No Seg   00000000 *External STDCALL
SetConsoleMode . . . . . . . . .        P Near32 00000000 No Seg   00000000 *External STDCALL
SetConsoleScreenBufferSize . . .        P Near32 00000000 No Seg   00000000 *External STDCALL
SetConsoleTextAttribute  . . . .        P Near32 00000000 No Seg   00000000 *External STDCALL
SetConsoleTitleA . . . . . . . .        P Near32 00000000 No Seg   00000000 *External STDCALL
SetConsoleWindowInfo . . . . . .        P Near32 00000000 No Seg   00000000 *External STDCALL
SetFilePointer . . . . . . . . .        P Near32 00000000 No Seg   00000000 *External STDCALL
SetLocalTime . . . . . . . . . .        P Near32 00000000 No Seg   00000000 *External STDCALL
SetTextColor . . . . . . . . . .        P Near32 00000000 No Seg   00000000 *External STDCALL
ShowFPUStack . . . . . . . . . .        P Near32 00000000 No Seg   00000000 *External STDCALL
Sleep  . . . . . . . . . . . . .        P Near32 00000000 No Seg   00000000 *External STDCALL
StrLength  . . . . . . . . . . .        P Near32 00000000 No Seg   00000000 *External STDCALL
Str_compare  . . . . . . . . . .        P Near32 00000000 No Seg   00000000 *External STDCALL
Str_copy . . . . . . . . . . . .        P Near32 00000000 No Seg   00000000 *External STDCALL
Str_length . . . . . . . . . . .        P Near32 00000000 No Seg   00000000 *External STDCALL
Str_trim . . . . . . . . . . . .        P Near32 00000000 No Seg   00000000 *External STDCALL
Str_ucase  . . . . . . . . . . .        P Near32 00000000 No Seg   00000000 *External STDCALL
SystemTimeToFileTime . . . . . .        P Near32 00000000 No Seg   00000000 *External STDCALL
WaitMsg  . . . . . . . . . . . .        P Near32 00000000 No Seg   00000000 *External STDCALL
WriteBin . . . . . . . . . . . .        P Near32 00000000 No Seg   00000000 *External STDCALL
WriteBinB  . . . . . . . . . . .        P Near32 00000000 No Seg   00000000 *External STDCALL
WriteChar  . . . . . . . . . . .        P Near32 00000000 No Seg   00000000 *External STDCALL
WriteConsoleA  . . . . . . . . .        P Near32 00000000 No Seg   00000000 *External STDCALL
WriteConsoleOutputAttribute  . .        P Near32 00000000 No Seg   00000000 *External STDCALL
WriteConsoleOutputCharacterA . .        P Near32 00000000 No Seg   00000000 *External STDCALL
WriteDec . . . . . . . . . . . .        P Near32 00000000 No Seg   00000000 *External STDCALL
WriteFile  . . . . . . . . . . .        P Near32 00000000 No Seg   00000000 *External STDCALL
WriteFloat . . . . . . . . . . .        P Near32 00000000 No Seg   00000000 *External STDCALL
WriteHex . . . . . . . . . . . .        P Near32 00000000 No Seg   00000000 *External STDCALL
WriteHexB  . . . . . . . . . . .        P Near32 00000000 No Seg   00000000 *External STDCALL
WriteInt . . . . . . . . . . . .        P Near32 00000000 No Seg   00000000 External  STDCALL
WriteStackFrame  . . . . . . . .        P Near32 00000000 No Seg   00000000 *External STDCALL
WriteStackFrameName  . . . . . .        P Near32 00000000 No Seg   00000000 *External STDCALL
WriteString  . . . . . . . . . .        P Near32 00000000 No Seg   00000000 External  STDCALL
WriteToFile  . . . . . . . . . .        P Near32 00000000 No Seg   00000000 *External STDCALL
WriteWindowsMsg  . . . . . . . .        P Near32 00000000 No Seg   00000000 *External STDCALL
main . . . . . . . . . . . . . .        P Near   00000000 _TEXT    0000006B Public   STDCALL
  skipOdd  . . . . . . . . . . .        L Near   00000028 _TEXT
  OddNumbers . . . . . . . . . .        L Near   0000000F _TEXT
printf . . . . . . . . . . . . .        P Near32 00000000 No Seg   00000000 *External C
scanf  . . . . . . . . . . . . .        P Near32 00000000 No Seg   00000000 *External C
wsprintfA  . . . . . . . . . . .        P Near32 00000000 No Seg   00000000 *External C


Symbols:

                N a m e                 Type       Value     Attr

@CodeSize  . . . . . . . . . . .        Number             0h 
@DataSize  . . . . . . . . . . .        Number             0h 
@Interface . . . . . . . . . . .        Number             3h 
@Model . . . . . . . . . . . . .        Number             7h 
@code  . . . . . . . . . . . . .        Text   _TEXT
@data  . . . . . . . . . . . . .        Text   FLAT
@stack . . . . . . . . . . . . .        Text   FLAT
ALT_MASK . . . . . . . . . . . .        Number             3h 
CAPSLOCK_ON  . . . . . . . . . .        Number            80h 
CREATE_ALWAYS  . . . . . . . . .        Number             2h 
CREATE_NEW . . . . . . . . . . .        Number             1h 
CTRL_MASK  . . . . . . . . . . .        Number             Ch 
CreateFile . . . . . . . . . . .        Text   CreateFileA
DO_NOT_SHARE . . . . . . . . . .        Number             0h 
ENABLE_ECHO_INPUT  . . . . . . .        Number             4h 
ENABLE_LINE_INPUT  . . . . . . .        Number             2h 
ENABLE_MOUSE_INPUT . . . . . . .        Number            10h 
ENABLE_PROCESSED_INPUT . . . . .        Number             1h 
ENABLE_PROCESSED_OUTPUT  . . . .        Number             1h 
ENABLE_WINDOW_INPUT  . . . . . .        Number             8h 
ENABLE_WRAP_AT_EOL_OUTPUT  . . .        Number             2h 
ENHANCED_KEY . . . . . . . . . .        Number           100h 
FALSE  . . . . . . . . . . . . .        Number             0h 
FILE_APPEND_DATA . . . . . . . .        Number             4h 
FILE_ATTRIBUTE_ARCHIVE . . . . .        Number            20h 
FILE_ATTRIBUTE_COMPRESSED  . . .        Number           800h 
FILE_ATTRIBUTE_DEVICE  . . . . .        Number            40h 
FILE_ATTRIBUTE_DIRECTORY . . . .        Number            10h 
FILE_ATTRIBUTE_ENCRYPTED . . . .        Number          4000h 
FILE_ATTRIBUTE_HIDDEN  . . . . .        Number             2h 
FILE_ATTRIBUTE_NORMAL  . . . . .        Number            80h 
FILE_ATTRIBUTE_NOT_CONTENT_INDEXED         Number          2000h 
FILE_ATTRIBUTE_OFFLINE . . . . .        Number          1000h 
FILE_ATTRIBUTE_READONLY  . . . .        Number             1h 
FILE_ATTRIBUTE_REPARSE_POINT . .        Number           400h 
FILE_ATTRIBUTE_SPARSE_FILE . . .        Number           200h 
FILE_ATTRIBUTE_SYSTEM  . . . . .        Number             4h 
FILE_ATTRIBUTE_TEMPORARY . . . .        Number           100h 
FILE_BEGIN . . . . . . . . . . .        Number             0h 
FILE_CURRENT . . . . . . . . . .        Number             1h 
FILE_DELETE_CHILD  . . . . . . .        Number            40h 
FILE_END . . . . . . . . . . . .        Number             2h 
FILE_READ_DATA . . . . . . . . .        Number             1h 
FILE_SHARE_DELETE  . . . . . . .        Number             4h 
FILE_SHARE_READ  . . . . . . . .        Number             1h 
FILE_SHARE_WRITE . . . . . . . .        Number             2h 
FILE_WRITE_DATA  . . . . . . . .        Number             2h 
FOCUS_EVENT  . . . . . . . . . .        Number            10h 
FORMAT_MESSAGE_ALLOCATE_BUFFER .        Number           100h 
FORMAT_MESSAGE_FROM_SYSTEM . . .        Number          1000h 
FormatMessage  . . . . . . . . .        Text   FormatMessageA
GENERIC_ALL  . . . . . . . . . .        Number      10000000h 
GENERIC_EXECUTE  . . . . . . . .        Number      20000000h 
GENERIC_READ . . . . . . . . . .        Number      80000000h 
GENERIC_WRITE  . . . . . . . . .        Number      40000000h 
GetCommandLine . . . . . . . . .        Text   GetCommandLineA
HANDLE . . . . . . . . . . . . .        Text   DWORD
HEAP_GENERATE_EXCEPTIONS . . . .        Number             4h 
HEAP_GROWABLE  . . . . . . . . .        Number             2h 
HEAP_NO_SERIALIZE  . . . . . . .        Number             1h 
HEAP_REALLOC_IN_PLACE_ONLY . . .        Number            10h 
HEAP_ZERO_MEMORY . . . . . . . .        Number             8h 
IDABORT  . . . . . . . . . . . .        Number             3h 
IDCANCEL . . . . . . . . . . . .        Number             2h 
IDCLOSE  . . . . . . . . . . . .        Number             8h 
IDCONTINUE . . . . . . . . . . .        Number             Bh 
IDHELP . . . . . . . . . . . . .        Number             9h 
IDIGNORE . . . . . . . . . . . .        Number             5h 
IDNO . . . . . . . . . . . . . .        Number             7h 
IDOK . . . . . . . . . . . . . .        Number             1h 
IDRETRY  . . . . . . . . . . . .        Number             4h 
IDTIMEOUT  . . . . . . . . . . .        Number          7D00h 
IDTRYAGAIN . . . . . . . . . . .        Number             Ah 
IDYES  . . . . . . . . . . . . .        Number             6h 
INVALID_HANDLE_VALUE . . . . . .        Number     -00000001h 
KBDOWN_FLAG  . . . . . . . . . .        Number             1h 
KEY_EVENT  . . . . . . . . . . .        Number             1h 
KEY_MASKS  . . . . . . . . . . .        Number            1Fh 
LEFT_ALT_PRESSED . . . . . . . .        Number             2h 
LEFT_CTRL_PRESSED  . . . . . . .        Number             8h 
MB_ABORTRETRYIGNORE  . . . . . .        Number             2h 
MB_APPLMODAL . . . . . . . . . .        Number             0h 
MB_CANCELTRYCONTINUE . . . . . .        Number             6h 
MB_DEFBUTTON1  . . . . . . . . .        Number             0h 
MB_DEFBUTTON2  . . . . . . . . .        Number           100h 
MB_DEFBUTTON3  . . . . . . . . .        Number           200h 
MB_DEFBUTTON4  . . . . . . . . .        Number           300h 
MB_HELP  . . . . . . . . . . . .        Number          4000h 
MB_ICONASTERISK  . . . . . . . .        Number            40h 
MB_ICONERROR . . . . . . . . . .        Number            10h 
MB_ICONEXCLAMATION . . . . . . .        Number            30h 
MB_ICONHAND  . . . . . . . . . .        Number            10h 
MB_ICONINFORMATION . . . . . . .        Number            40h 
MB_ICONQUESTION  . . . . . . . .        Number            20h 
MB_ICONSTOP  . . . . . . . . . .        Number            10h 
MB_ICONWARNING . . . . . . . . .        Number            30h 
MB_OK  . . . . . . . . . . . . .        Number             0h 
MB_OKCANCEL  . . . . . . . . . .        Number             1h 
MB_RETRYCANCEL . . . . . . . . .        Number             5h 
MB_SYSTEMMODAL . . . . . . . . .        Number          1000h 
MB_TASKMODAL . . . . . . . . . .        Number          2000h 
MB_USERICON  . . . . . . . . . .        Number            80h 
MB_YESNO . . . . . . . . . . . .        Number             4h 
MB_YESNOCANCEL . . . . . . . . .        Number             3h 
MENU_EVENT . . . . . . . . . . .        Number             8h 
MOUSE_EVENT  . . . . . . . . . .        Number             2h 
MessageBox . . . . . . . . . . .        Text   MessageBoxA
NULL . . . . . . . . . . . . . .        Number             0h 
NUMLOCK_ON . . . . . . . . . . .        Number            20h 
OPEN_ALWAYS  . . . . . . . . . .        Number             4h 
OPEN_EXISTING  . . . . . . . . .        Number             3h 
PeekConsoleInput . . . . . . . .        Text   PeekConsoleInputA
RIGHT_ALT_PRESSED  . . . . . . .        Number             1h 
RIGHT_CTRL_PRESSED . . . . . . .        Number             4h 
ReadConsole  . . . . . . . . . .        Text   ReadConsoleA
ReadConsoleInput . . . . . . . .        Text   ReadConsoleInputA
SCROLLLOCK_ON  . . . . . . . . .        Number            40h 
SHIFT_MASK . . . . . . . . . . .        Number            10h 
SHIFT_PRESSED  . . . . . . . . .        Number            10h 
STD_ERROR_HANDLE . . . . . . . .        Number     -0000000Ch 
STD_INPUT_HANDLE . . . . . . . .        Number     -0000000Ah 
STD_OUTPUT_HANDLE  . . . . . . .        Number     -0000000Bh 
SetConsoleTitle  . . . . . . . .        Text   SetConsoleTitleA
TAB  . . . . . . . . . . . . . .        Number             9h 
TRUE . . . . . . . . . . . . . .        Number             1h 
TRUNCATE_EXISTING  . . . . . . .        Number             5h 
VK_11  . . . . . . . . . . . . .        Number            BDh 
VK_12  . . . . . . . . . . . . .        Number            BBh 
VK_ADD . . . . . . . . . . . . .        Number            6Bh 
VK_BACK  . . . . . . . . . . . .        Number             8h 
VK_CANCEL  . . . . . . . . . . .        Number             3h 
VK_CAPITAL . . . . . . . . . . .        Number            14h 
VK_CLEAR . . . . . . . . . . . .        Number             Ch 
VK_CONTROL . . . . . . . . . . .        Number            11h 
VK_DECIMAL . . . . . . . . . . .        Number            6Eh 
VK_DELETE  . . . . . . . . . . .        Number            2Eh 
VK_DIVIDE  . . . . . . . . . . .        Number            6Fh 
VK_DOWN  . . . . . . . . . . . .        Number            28h 
VK_END . . . . . . . . . . . . .        Number            23h 
VK_ESCAPE  . . . . . . . . . . .        Number            1Bh 
VK_EXECUTE . . . . . . . . . . .        Number            2Bh 
VK_F1  . . . . . . . . . . . . .        Number            70h 
VK_F10 . . . . . . . . . . . . .        Number            79h 
VK_F11 . . . . . . . . . . . . .        Number            7Ah 
VK_F12 . . . . . . . . . . . . .        Number            7Bh 
VK_F13 . . . . . . . . . . . . .        Number            7Ch 
VK_F14 . . . . . . . . . . . . .        Number            7Dh 
VK_F15 . . . . . . . . . . . . .        Number            7Eh 
VK_F16 . . . . . . . . . . . . .        Number            7Fh 
VK_F17 . . . . . . . . . . . . .        Number            80h 
VK_F18 . . . . . . . . . . . . .        Number            81h 
VK_F19 . . . . . . . . . . . . .        Number            82h 
VK_F2  . . . . . . . . . . . . .        Number            71h 
VK_F20 . . . . . . . . . . . . .        Number            83h 
VK_F21 . . . . . . . . . . . . .        Number            84h 
VK_F22 . . . . . . . . . . . . .        Number            85h 
VK_F23 . . . . . . . . . . . . .        Number            86h 
VK_F24 . . . . . . . . . . . . .        Number            87h 
VK_F3  . . . . . . . . . . . . .        Number            72h 
VK_F4  . . . . . . . . . . . . .        Number            73h 
VK_F5  . . . . . . . . . . . . .        Number            74h 
VK_F6  . . . . . . . . . . . . .        Number            75h 
VK_F7  . . . . . . . . . . . . .        Number            76h 
VK_F8  . . . . . . . . . . . . .        Number            77h 
VK_F9  . . . . . . . . . . . . .        Number            78h 
VK_HELP  . . . . . . . . . . . .        Number            2Fh 
VK_HOME  . . . . . . . . . . . .        Number            24h 
VK_INSERT  . . . . . . . . . . .        Number            2Dh 
VK_LBUTTON . . . . . . . . . . .        Number             1h 
VK_LCONTROL  . . . . . . . . . .        Number            A2h 
VK_LEFT  . . . . . . . . . . . .        Number            25h 
VK_LMENU . . . . . . . . . . . .        Number            A4h 
VK_LSHIFT  . . . . . . . . . . .        Number            A0h 
VK_MENU  . . . . . . . . . . . .        Number            12h 
VK_MULTIPLY  . . . . . . . . . .        Number            6Ah 
VK_NEXT  . . . . . . . . . . . .        Number            22h 
VK_NUMLOCK . . . . . . . . . . .        Number            90h 
VK_NUMPAD0 . . . . . . . . . . .        Number            60h 
VK_NUMPAD1 . . . . . . . . . . .        Number            61h 
VK_NUMPAD2 . . . . . . . . . . .        Number            62h 
VK_NUMPAD3 . . . . . . . . . . .        Number            63h 
VK_NUMPAD4 . . . . . . . . . . .        Number            64h 
VK_NUMPAD5 . . . . . . . . . . .        Number            65h 
VK_NUMPAD6 . . . . . . . . . . .        Number            66h 
VK_NUMPAD7 . . . . . . . . . . .        Number            67h 
VK_NUMPAD8 . . . . . . . . . . .        Number            68h 
VK_NUMPAD9 . . . . . . . . . . .        Number            69h 
VK_PAUSE . . . . . . . . . . . .        Number            13h 
VK_PRINT . . . . . . . . . . . .        Number            2Ah 
VK_PRIOR . . . . . . . . . . . .        Number            21h 
VK_RBUTTON . . . . . . . . . . .        Number             2h 
VK_RCONTROL  . . . . . . . . . .        Number            A3h 
VK_RETURN  . . . . . . . . . . .        Number             Dh 
VK_RIGHT . . . . . . . . . . . .        Number            27h 
VK_RMENU . . . . . . . . . . . .        Number            A5h 
VK_RSHIFT  . . . . . . . . . . .        Number            A1h 
VK_SCROLL  . . . . . . . . . . .        Number            91h 
VK_SEPARATER . . . . . . . . . .        Number            6Ch 
VK_SHIFT . . . . . . . . . . . .        Number            10h 
VK_SNAPSHOT  . . . . . . . . . .        Number            2Ch 
VK_SPACE . . . . . . . . . . . .        Number            20h 
VK_SUBTRACT  . . . . . . . . . .        Number            6Dh 
VK_TAB . . . . . . . . . . . . .        Number             9h 
VK_UP  . . . . . . . . . . . . .        Number            26h 
WINDOW_BUFFER_SIZE_EVENT . . . .        Number             4h 
WriteConsole . . . . . . . . . .        Text   WriteConsoleA
WriteConsoleOutputCharacter  . .        Text   WriteConsoleOutputCharacterA
black  . . . . . . . . . . . . .        Number             0h 
blue . . . . . . . . . . . . . .        Number             1h 
brown  . . . . . . . . . . . . .        Number             6h 
count  . . . . . . . . . . . . .        DWord             36h _DATA STDCALL
cyan . . . . . . . . . . . . . .        Number             3h 
exit . . . . . . . . . . . . . .        Text   INVOKE ExitProcess,0
gray . . . . . . . . . . . . . .        Number             8h 
green  . . . . . . . . . . . . .        Number             2h 
lightBlue  . . . . . . . . . . .        Number             9h 
lightCyan  . . . . . . . . . . .        Number             Bh 
lightGray  . . . . . . . . . . .        Number             7h 
lightGreen . . . . . . . . . . .        Number             Ah 
lightMagenta . . . . . . . . . .        Number             Dh 
lightRed . . . . . . . . . . . .        Number             Ch 
magenta  . . . . . . . . . . . .        Number             5h 
msgCount . . . . . . . . . . . .        Byte[20]          1Eh _DATA STDCALL
msgSum . . . . . . . . . . . . .        Byte[20]           Ah _DATA STDCALL
myArray  . . . . . . . . . . . .        Word[5]            0h _DATA STDCALL
red  . . . . . . . . . . . . . .        Number             4h 
sum  . . . . . . . . . . . . . .        DWord             32h _DATA STDCALL
white  . . . . . . . . . . . . .        Number             Fh 
wsprintf . . . . . . . . . . . .        Text   wsprintfA
yellow . . . . . . . . . . . . .        Number             Eh 

c:\Users\AR\Desktop\Abdul Rehman\github-with-assembly-Professionaldeveloper78\sum-odd.temp.asm: 65 lines, 2 passes, 0 ms, 0 warnings, 0 errors
